#-----------------------------------------------------------
# Vivado v2018.3 (64-bit)
# SW Build 2405991 on Thu Dec  6 23:38:27 MST 2018
# IP Build 2404404 on Fri Dec  7 01:43:56 MST 2018
# Start of session at: Tue Feb 15 14:16:49 2022
# Process ID: 14456
# Current directory: C:/Users/86182/Desktop/36_dual_ov5640_lcd
# Command line: vivado.exe -gui_launcher_event rodinguilauncherevent1028 C:\Users\86182\Desktop\36_dual_ov5640_lcd\dual_ov5640_lcd.xpr
# Log file: C:/Users/86182/Desktop/36_dual_ov5640_lcd/vivado.log
# Journal file: C:/Users/86182/Desktop/36_dual_ov5640_lcd\vivado.jou
#-----------------------------------------------------------
start_gui
open_project C:/Users/86182/Desktop/36_dual_ov5640_lcd/dual_ov5640_lcd.xpr
Scanning sources...
Finished scanning sources
INFO: [IP_Flow 19-234] Refreshing IP repositories
INFO: [IP_Flow 19-1700] Loaded user IP repository 'c:/Users/86182/Desktop/36_dual_ov5640_lcd/ip_repo'.
INFO: [IP_Flow 19-2313] Loaded Vivado IP repository 'C:/Xilinx/Vivado/2018.3/data/ip'.
open_project: Time (s): cpu = 00:00:27 ; elapsed = 00:00:19 . Memory (MB): peak = 878.523 ; gain = 248.188
update_compile_order -fileset sources_1
INFO: [Vivado 12-4158] Exported Hardware file is out of date. Exported hardware information may be inconsistent with respect to the current state of the design. It is recommended that you re-export the design and launch SDK otherwise SDK is launched with out of date hardware system file.
launch_sdk -workspace C:/Users/86182/Desktop/36_dual_ov5640_lcd/dual_ov5640_lcd.sdk -hwspec C:/Users/86182/Desktop/36_dual_ov5640_lcd/dual_ov5640_lcd.sdk/system_wrapper.hdf
INFO: [Vivado 12-393] Launching SDK...
INFO: [Vivado 12-417] Running xsdk -workspace C:/Users/86182/Desktop/36_dual_ov5640_lcd/dual_ov5640_lcd.sdk -hwspec C:/Users/86182/Desktop/36_dual_ov5640_lcd/dual_ov5640_lcd.sdk/system_wrapper.hdf
INFO: [Vivado 12-3157] SDK launch initiated. Please check console for any further messages.
INFO: [Vivado 12-4158] Exported Hardware file is out of date. Exported hardware information may be inconsistent with respect to the current state of the design. It is recommended that you re-export the design and launch SDK otherwise SDK is launched with out of date hardware system file.
launch_sdk -workspace C:/Users/86182/Desktop/36_dual_ov5640_lcd/dual_ov5640_lcd.sdk -hwspec C:/Users/86182/Desktop/36_dual_ov5640_lcd/dual_ov5640_lcd.sdk/system_wrapper.hdf
INFO: [Vivado 12-393] Launching SDK...
INFO: [Vivado 12-417] Running xsdk -workspace C:/Users/86182/Desktop/36_dual_ov5640_lcd/dual_ov5640_lcd.sdk -hwspec C:/Users/86182/Desktop/36_dual_ov5640_lcd/dual_ov5640_lcd.sdk/system_wrapper.hdf
INFO: [Vivado 12-3157] SDK launch initiated. Please check console for any further messages.
exit
INFO: [Common 17-206] Exiting Vivado at Tue Feb 15 15:10:42 2022...
